c:\users\joel\documents\spaceship\spaceship\spaceship\spaceship\x64\debug\vc141.pdb
c:\users\joel\documents\spaceship\spaceship\spaceship\spaceship\x64\debug\vc141.idb
c:\users\joel\documents\spaceship\spaceship\spaceship\spaceship\x64\debug\tile.obj
c:\users\joel\documents\spaceship\spaceship\spaceship\spaceship\x64\debug\ship.obj
c:\users\joel\documents\spaceship\spaceship\spaceship\spaceship\x64\debug\player.obj
c:\users\joel\documents\spaceship\spaceship\spaceship\spaceship\x64\debug\main.obj
c:\users\joel\documents\spaceship\spaceship\spaceship\spaceship\x64\debug\gun.obj
c:\users\joel\documents\spaceship\spaceship\spaceship\spaceship\x64\debug\enums.obj
c:\users\joel\documents\spaceship\spaceship\spaceship\spaceship\x64\debug\enemy.obj
c:\users\joel\documents\spaceship\spaceship\spaceship\spaceship\x64\debug\endturnbutton.obj
c:\users\joel\documents\spaceship\spaceship\spaceship\spaceship\x64\debug\dummy.obj
c:\users\joel\documents\spaceship\spaceship\spaceship\spaceship\x64\debug\combat.obj
c:\users\joel\documents\spaceship\spaceship\spaceship\spaceship\x64\debug\charge.obj
c:\users\joel\documents\spaceship\spaceship\spaceship\spaceship\x64\debug\button.obj
c:\users\joel\documents\spaceship\spaceship\spaceship\spaceship\x64\debug\basiccharge.obj
c:\users\joel\documents\spaceship\spaceship\spaceship\spaceship\x64\debug\shield.obj
c:\users\joel\documents\spaceship\spaceship\spaceship\spaceship\x64\debug\basicshield.obj
c:\users\joel\documents\spaceship\spaceship\spaceship\spaceship\x64\debug\rewardscreen.obj
c:\users\joel\documents\spaceship\spaceship\spaceship\spaceship\x64\debug\chargefactory.obj
c:\users\joel\documents\spaceship\spaceship\spaceship\spaceship\x64\debug\easybomb.obj
c:\users\joel\documents\spaceship\spaceship\spaceship\spaceship\x64\debug\wideshield.obj
c:\users\joel\documents\spaceship\spaceship\spaceship\spaceship\x64\debug\titlescreen.obj
c:\users\joel\documents\spaceship\spaceship\spaceship\spaceship\spaceship\x64\debug\vc141.pdb
c:\users\joel\documents\spaceship\spaceship\spaceship\spaceship\spaceship\x64\debug\vc141.idb
c:\users\joel\documents\spaceship\spaceship\spaceship\spaceship\spaceship\x64\debug\enums.obj
c:\users\joel\documents\spaceship\spaceship\spaceship\spaceship\spaceship\x64\debug\gun.obj
c:\users\joel\documents\spaceship\spaceship\spaceship\x64\debug\spaceship.exe
c:\users\joel\documents\spaceship\spaceship\spaceship\x64\debug\spaceship.ilk
c:\users\joel\documents\spaceship\spaceship\spaceship\x64\debug\spaceship.pdb
c:\users\joel\documents\spaceship\spaceship\spaceship\spaceship\spaceship\x64\debug\basiccharge.obj
c:\users\joel\documents\spaceship\spaceship\spaceship\spaceship\spaceship\x64\debug\basicshield.obj
c:\users\joel\documents\spaceship\spaceship\spaceship\spaceship\spaceship\x64\debug\button.obj
c:\users\joel\documents\spaceship\spaceship\spaceship\spaceship\spaceship\x64\debug\charge.obj
c:\users\joel\documents\spaceship\spaceship\spaceship\spaceship\spaceship\x64\debug\chargefactory.obj
c:\users\joel\documents\spaceship\spaceship\spaceship\spaceship\spaceship\x64\debug\combat.obj
c:\users\joel\documents\spaceship\spaceship\spaceship\spaceship\spaceship\x64\debug\dummy.obj
c:\users\joel\documents\spaceship\spaceship\spaceship\spaceship\spaceship\x64\debug\easybomb.obj
c:\users\joel\documents\spaceship\spaceship\spaceship\spaceship\spaceship\x64\debug\endturnbutton.obj
c:\users\joel\documents\spaceship\spaceship\spaceship\spaceship\spaceship\x64\debug\enemy.obj
c:\users\joel\documents\spaceship\spaceship\spaceship\spaceship\spaceship\x64\debug\main.obj
c:\users\joel\documents\spaceship\spaceship\spaceship\spaceship\spaceship\x64\debug\player.obj
c:\users\joel\documents\spaceship\spaceship\spaceship\spaceship\spaceship\x64\debug\rewardscreen.obj
c:\users\joel\documents\spaceship\spaceship\spaceship\spaceship\spaceship\x64\debug\shield.obj
c:\users\joel\documents\spaceship\spaceship\spaceship\spaceship\spaceship\x64\debug\ship.obj
c:\users\joel\documents\spaceship\spaceship\spaceship\spaceship\spaceship\x64\debug\tile.obj
c:\users\joel\documents\spaceship\spaceship\spaceship\spaceship\spaceship\x64\debug\titlescreen.obj
c:\users\joel\documents\spaceship\spaceship\spaceship\spaceship\spaceship\x64\debug\wideshield.obj
c:\users\joel\documents\spaceship\spaceship\spaceship\spaceship\spaceship\x64\debug\basiccharge.new.obj.enc
c:\users\joel\documents\spaceship\spaceship\spaceship\spaceship\spaceship\x64\debug\basicshield.new.obj.enc
c:\users\joel\documents\spaceship\spaceship\spaceship\spaceship\spaceship\x64\debug\button.new.obj.enc
c:\users\joel\documents\spaceship\spaceship\spaceship\spaceship\spaceship\x64\debug\charge.new.obj.enc
c:\users\joel\documents\spaceship\spaceship\spaceship\spaceship\spaceship\x64\debug\chargefactory.new.obj.enc
c:\users\joel\documents\spaceship\spaceship\spaceship\spaceship\spaceship\x64\debug\combat.new.obj.enc
c:\users\joel\documents\spaceship\spaceship\spaceship\spaceship\spaceship\x64\debug\dummy.new.obj.enc
c:\users\joel\documents\spaceship\spaceship\spaceship\spaceship\spaceship\x64\debug\easybomb.new.obj.enc
c:\users\joel\documents\spaceship\spaceship\spaceship\spaceship\spaceship\x64\debug\endturnbutton.new.obj.enc
c:\users\joel\documents\spaceship\spaceship\spaceship\spaceship\spaceship\x64\debug\enemy.new.obj.enc
c:\users\joel\documents\spaceship\spaceship\spaceship\spaceship\spaceship\x64\debug\main.new.obj.enc
c:\users\joel\documents\spaceship\spaceship\spaceship\spaceship\spaceship\x64\debug\player.new.obj.enc
c:\users\joel\documents\spaceship\spaceship\spaceship\spaceship\spaceship\x64\debug\rewardscreen.new.obj.enc
c:\users\joel\documents\spaceship\spaceship\spaceship\spaceship\spaceship\x64\debug\ship.new.obj.enc
c:\users\joel\documents\spaceship\spaceship\spaceship\spaceship\spaceship\x64\debug\tile.new.obj.enc
c:\users\joel\documents\spaceship\spaceship\spaceship\spaceship\spaceship\x64\debug\wideshield.new.obj.enc
c:\users\joel\documents\spaceship\spaceship\spaceship\spaceship\x64\debug\spaceship.pdb
c:\users\joel\documents\spaceship\spaceship\spaceship\spaceship\x64\debug\spaceship.exe
c:\users\joel\documents\spaceship\spaceship\spaceship\spaceship\x64\debug\spaceship.ilk
c:\users\joel\documents\spaceship\spaceship\spaceship\spaceship\spaceship\x64\debug\spaceship.tlog\cl.command.1.tlog
c:\users\joel\documents\spaceship\spaceship\spaceship\spaceship\spaceship\x64\debug\spaceship.tlog\cl.read.1.tlog
c:\users\joel\documents\spaceship\spaceship\spaceship\spaceship\spaceship\x64\debug\spaceship.tlog\cl.write.1.tlog
c:\users\joel\documents\spaceship\spaceship\spaceship\spaceship\spaceship\x64\debug\spaceship.tlog\link.command.1.tlog
c:\users\joel\documents\spaceship\spaceship\spaceship\spaceship\spaceship\x64\debug\spaceship.tlog\link.read.1.tlog
c:\users\joel\documents\spaceship\spaceship\spaceship\spaceship\spaceship\x64\debug\spaceship.tlog\link.write.1.tlog
